<?xml version="1.0" encoding="UTF-8"?>
<testsuites>
	<testsuite tests="5" errors="0" failures="0" time="0.016" timestamp="2018-07-13T21:12:41">
		<testcase classname="Selectors" name="#h1Selector should select all h1&amp;apos;s" time="0.005">
		</testcase>
		<testcase classname="Selectors" name="#liInOlSelector should select all li elements nested in ol&amp;apos;s" time="0.002">
		</testcase>
		<testcase classname="Selectors" name="#linkSelector should select all links that are inside of the element with an id of box4 and a class of box5." time="0.002">
		</testcase>
		<testcase classname="Selectors" name="#imageSelector should an image that has the alt text equal to &amp;quot;cat sleeping&amp;quot;" time="0.002">
		</testcase>
		<testcase classname="Selectors" name="#checkboxInputSelector should select all checkbox inputs" time="0.004">
		</testcase>
	</testsuite>
</testsuites>

